\BOOKMARK [1][-]{section.1}{\376\377\000I\000n\000t\000r\000o\000d\000u\000c\000t\000i\000o\000n}{}% 1
\BOOKMARK [1][-]{section.2}{\376\377\000B\000a\000c\000k\000g\000r\000o\000u\000n\000d\000\040\000a\000n\000d\000\040\000P\000r\000e\000l\000i\000m\000i\000n\000a\000r\000i\000e\000s}{}% 2
\BOOKMARK [2][-]{subsection.2.1}{\376\377\000P\000r\000o\000b\000l\000e\000m\000\040\000S\000e\000t\000t\000i\000n\000g\000\040\000a\000n\000d\000\040\000N\000o\000t\000a\000t\000i\000o\000n}{section.2}% 3
\BOOKMARK [2][-]{subsection.2.2}{\376\377\000P\000e\000r\000-\000s\000c\000e\000n\000e\000\040\000o\000p\000t\000i\000m\000i\000z\000a\000t\000i\000o\000n}{section.2}% 4
\BOOKMARK [3][-]{subsubsection.2.2.1}{\376\377\000N\000e\000R\000F\000:\000\040\000N\000e\000u\000r\000a\000l\000\040\000R\000a\000d\000i\000a\000n\000c\000e\000\040\000F\000i\000e\000l\000d\000s}{subsection.2.2}% 5
\BOOKMARK [3][-]{subsubsection.2.2.2}{\376\377\0003\000D\000\040\000G\000a\000u\000s\000s\000i\000a\000n\000\040\000S\000p\000l\000a\000t\000t\000i\000n\000g}{subsection.2.2}% 6
\BOOKMARK [1][-]{section.3}{\376\377\000G\000e\000n\000e\000r\000a\000l\000i\000z\000a\000b\000l\000e\000\040\000G\000e\000o\000m\000e\000t\000r\000i\000c\000\040\000R\000e\000c\000o\000n\000s\000t\000r\000u\000c\000t\000i\000o\000n}{}% 7
\BOOKMARK [2][-]{subsection.3.1}{\376\377\000D\000U\000S\000t\0003\000R}{section.3}% 8
\BOOKMARK [3][-]{subsubsection.3.1.1}{\376\377\000D\000U\000S\000T\0003\000R\000'\000s\000\040\000p\000i\000p\000e\000l\000i\000n\000e}{subsection.3.1}% 9
\BOOKMARK [3][-]{subsubsection.3.1.2}{\376\377\000T\000r\000a\000i\000n\000i\000n\000g\000\040\000o\000b\000j\000e\000c\000t\000i\000v\000e}{subsection.3.1}% 10
\BOOKMARK [3][-]{subsubsection.3.1.3}{\376\377\000F\000r\000o\000m\000\040\000p\000o\000i\000n\000t\000m\000a\000p\000s\000\040\000t\000o\000\040\000g\000e\000o\000m\000e\000t\000r\000i\000c\000\040\000t\000a\000s\000k\000s}{subsection.3.1}% 11
\BOOKMARK [3][-]{subsubsection.3.1.4}{\376\377\000S\000u\000m\000m\000a\000r\000y}{subsection.3.1}% 12
\BOOKMARK [2][-]{subsection.3.2}{\376\377\000V\000G\000G\000T}{section.3}% 13
\BOOKMARK [3][-]{subsubsection.3.2.1}{\376\377\000F\000o\000r\000m\000u\000l\000a\000t\000i\000o\000n}{subsection.3.2}% 14
\BOOKMARK [3][-]{subsubsection.3.2.2}{\376\377\000A\000r\000c\000h\000i\000t\000e\000c\000t\000u\000r\000e}{subsection.3.2}% 15
\BOOKMARK [3][-]{subsubsection.3.2.3}{\376\377\000S\000u\000m\000m\000a\000r\000y}{subsection.3.2}% 16
\BOOKMARK [2][-]{subsection.3.3}{\376\377\000O\000v\000e\000r\000a\000l\000l}{section.3}% 17
\BOOKMARK [1][-]{section.4}{\376\377\000N\000o\000v\000e\000l\000\040\000V\000i\000e\000w\000\040\000S\000y\000n\000t\000h\000e\000s\000i\000s\000\040\000w\000i\000t\000h\000\040\000M\000i\000n\000i\000m\000a\000l\000\040\0003\000D\000\040\000I\000n\000d\000u\000c\000t\000i\000v\000e\000\040\000B\000i\000a\000s}{}% 18
\BOOKMARK [2][-]{subsection.4.1}{\376\377\000L\000V\000S\000M}{section.4}% 19
\BOOKMARK [3][-]{subsubsection.4.1.1}{\376\377\000P\000l\000\374\000c\000k\000e\000r\000\040\000r\000a\000y\000s}{subsection.4.1}% 20
\BOOKMARK [3][-]{subsubsection.4.1.2}{\376\377\000A\000r\000c\000h\000i\000t\000e\000c\000t\000u\000r\000e}{subsection.4.1}% 21
\BOOKMARK [3][-]{subsubsection.4.1.3}{\376\377\000O\000v\000e\000r\000a\000l\000l}{subsection.4.1}% 22
\BOOKMARK [2][-]{subsection.4.2}{\376\377\000R\000a\000y\000Z\000e\000r}{section.4}% 23
\BOOKMARK [3][-]{subsubsection.4.2.1}{\376\377\000A\000r\000c\000h\000i\000t\000e\000c\000t\000u\000r\000e}{subsection.4.2}% 24
\BOOKMARK [3][-]{subsubsection.4.2.2}{\376\377\000U\000n\000s\000u\000p\000e\000r\000v\000i\000s\000e\000d\000\040\000L\000e\000a\000r\000n\000i\000n\000g\000\040\000D\000e\000t\000a\000i\000l\000s}{subsection.4.2}% 25
\BOOKMARK [3][-]{subsubsection.4.2.3}{\376\377\000S\000u\000m\000m\000a\000r\000y}{subsection.4.2}% 26
\BOOKMARK [2][-]{subsection.4.3}{\376\377\000O\000v\000e\000r\000a\000l\000l}{section.4}% 27
\BOOKMARK [1][-]{section.5}{\376\377\000C\000o\000n\000c\000l\000u\000s\000i\000o\000n}{}% 28
